make all --print-data-base --no-builtin-variables --no-builtin-rules --question
Makefile:66: *** insufficient number of arguments (2) to function 'patsubst'.  Stop.

# GNU Make 4.3
# Built for x86_64-pc-linux-gnu
# Copyright (C) 1988-2020 Free Software Foundation, Inc.
# License GPLv3+: GNU GPL version 3 or later <http://gnu.org/licenses/gpl.html>
# This is free software: you are free to change and redistribute it.
# There is NO WARRANTY, to the extent permitted by law.

# Make data base, printed on Fri Jul 22 19:02:46 2022

# Variables

# environment
GDK_BACKEND = x11
# environment
LC_ALL = C
# environment
NO_AT_BRIDGE = 1
# makefile (from 'Makefile', line 22)
AR = ar
# environment
I3SOCK = /run/user/1000/i3/ipc-socket.568
# environment
VSCODE_IPC_HOOK_EXTHOST = /run/user/1000/vscode-ipc-36b29e16-608b-4a0b-b1b0-46cd9004ef2a.sock
# environment
VSCODE_CWD = /home/user_me
# environment
WINDOWPATH = 1
# makefile (from 'Makefile', line 37)
WHEREAMI = /home/user_me/Allocator
# default
MAKE_COMMAND := make
# automatic
@D = $(patsubst %/,%,$(dir $@))
# environment
VSCODE_HANDLES_UNCAUGHT_ERRORS = true
# default
.VARIABLES := 
# environment
PWD = /home/user_me/Allocator
# automatic
%D = $(patsubst %/,%,$(dir $%))
# environment
MAIL = /var/spool/mail/user_me
# automatic
^D = $(patsubst %/,%,$(dir $^))
# makefile (from 'Makefile', line 65)
SRC_O_FILES = $(patsubst %.c, %.o, $(SRC_C_FILES))
# environment
VSCODE_LOG_STACK = false
# automatic
%F = $(notdir $%)
# environment
VSCODE_CODE_CACHE_PATH = /home/user_me/.config/Code/CachedData/30d9c6cd9483b2cc586687151bcbcd635f373630
# environment
LANG = C
# environment
XAUTHORITY = /home/user_me/.Xauthority
# default
.LOADED := 
# default
.INCLUDE_DIRS = /usr/include /usr/local/include /usr/include
# makefile
MAKEFLAGS = pqrR
# makefile
CURDIR := /home/user_me/Allocator
# environment
VSCODE_PIPE_LOGGING = true
# environment
APPLICATION_INSIGHTS_NO_DIAGNOSTIC_CHANNEL = 1
# automatic
*D = $(patsubst %/,%,$(dir $*))
# environment
MFLAGS = -pqrR
# default
.SHELLFLAGS := -c
# automatic
+D = $(patsubst %/,%,$(dir $+))
# makefile (from 'Makefile', line 1)
MAKEFILE_LIST := Makefile
# automatic
@F = $(notdir $@)
# environment
VSCODE_VERBOSE_LOGGING = true
# environment
VSCODE_PID = 6078
# environment
XDG_SESSION_TYPE = tty
# automatic
?D = $(patsubst %/,%,$(dir $?))
# makefile (from 'Makefile', line 38)
ST_LIB_DIR = $(WHEREAMI)
# makefile (from 'Makefile', line 27)
FLAGS = -Wall --pedantic
# automatic
*F = $(notdir $*)
# makefile (from 'Makefile', line 45)
ST_LIB_NAME = lib$(LIB_NAME).a
# environment
CHROME_DESKTOP = code-url-handler.desktop
# environment
DBUS_SESSION_BUS_ADDRESS = unix:path=/run/user/1000/bus
# automatic
<D = $(patsubst %/,%,$(dir $<))
# environment
VSCODE_NLS_CONFIG = {"locale":"pl","availableLanguages":{"*":"pl"},"_languagePackId":"993a25eb46a7e0a4aef446c1661beda3.pl","_translationsConfigFile":"/home/user_me/.config/Code/clp/993a25eb46a7e0a4aef446c1661beda3.pl/tcf.json","_cacheRoot":"/home/user_me/.config/Code/clp/993a25eb46a7e0a4aef446c1661beda3.pl","_resolvedLanguagePackCoreLocation":"/home/user_me/.config/Code/clp/993a25eb46a7e0a4aef446c1661beda3.pl/30d9c6cd9483b2cc586687151bcbcd635f373630","_corruptedFile":"/home/user_me/.config/Code/clp/993a25eb46a7e0a4aef446c1661beda3.pl/corrupted.info","_languagePackSupport":true}
# default
MAKE_HOST := x86_64-pc-linux-gnu
# makefile
SHELL = /bin/sh
# default
MAKECMDGOALS := all
# makefile (from 'Makefile', line 44)
LIB_NAME = my_alloc
# environment
SHLVL = 3
# environment
MAKELEVEL := 0
# makefile (from 'Makefile', line 60)
SRC_C_FILES = $(foreach D, $(WHEREAMI), $(wildcard $(D)/$(ALLOCATOR)*.c))
# default
MAKE = $(MAKE_COMMAND)
# environment
PATH = /usr/local/sbin:/usr/local/bin:/usr/bin:/usr/bin/site_perl:/usr/bin/vendor_perl:/usr/bin/core_perl:/home/user_me/Sys_Builds/clion/bin/clion.sh
# default
MAKEFILES := 
# environment
MOTD_SHOWN = pam
# automatic
^F = $(notdir $^)
# makefile (from 'Makefile', line 30)
AFLAGS = rc
# environment
INVOCATION_ID = 07f3778222b443079cd0e455f2fc25b6
# environment
VSCODE_LOG_NATIVE = false
# automatic
?F = $(notdir $?)
# environment
XDG_SEAT = seat0
# automatic
+F = $(notdir $+)
# environment
ORIGINAL_XDG_CURRENT_DESKTOP = undefined
# makefile (from 'Makefile', line 55)
ALLOCATOR = allocator
# environment
GNUMAKEFLAGS := 
# environment
LOGNAME = user_me
# environment
XDG_VTNR = 1
# makefile
.DEFAULT_GOAL := 
# environment
SYSTEMD_EXEC_PID = 444
# environment
DISPLAY = :0
# environment
USER = user_me
# default
MAKE_VERSION := 4.3
# makefile (from 'Makefile', line 50)
LIB_C_FILES = $(foreach D, $(ST_LIB_DIR), $(wildcard $(D)/lib*.c))
# environment
_ = /usr/bin/make
# environment
XDG_RUNTIME_DIR = /run/user/1000
# environment
XDG_SESSION_CLASS = user
# environment
VSCODE_AMD_ENTRYPOINT = vs/workbench/api/node/extensionHostProcess
# environment
HOME = /home/user_me
# environment
ELECTRON_RUN_AS_NODE = 1
# environment
VSCODE_IPC_HOOK = /run/user/1000/vscode-1829fa86-1.68.1-main.sock
# environment
TERM = linux
# environment
XDG_SESSION_ID = 1
# default
.RECIPEPREFIX := 
# automatic
<F = $(notdir $<)
# makefile (from 'Makefile', line 78)
ALLOCATOR_BINARY = $(ALLOCATOR).x
# default
SUFFIXES := 
# makefile (from 'Makefile', line 17)
LD = $(CC)
# environment
VSCODE_CLI = 1
# environment
ELECTRON_NO_ATTACH_CONSOLE = 1
# makefile (from 'Makefile', line 66)
LIB_O_FILES = $(patsubst %.c, %.o $(LIB_C_FILES))
# default
.FEATURES := target-specific order-only second-expansion else-if shortest-stem undefine oneshell nocomment grouped-target extra-prereqs archives jobserver output-sync check-symlink guile load
# makefile (from 'Makefile', line 16)
CC = gcc
# variable set hash-table stats:
# Load=95/1024=9%, Rehash=0, Collisions=3/116=3%

# Pattern-specific Variable Values

# No pattern-specific variable values.

# Directories

# /home/user_me/Allocator (device 2084, inode 4465228): 11 files, no impossibilities.
# . (device 2084, inode 4465228): 11 files, no impossibilities.

# 22 files, no impossibilities in 2 directories.

# Implicit Rules

%.o: %.c
#  recipe to execute (from 'Makefile', line 72):
	$(CC) $(FLAGS) -c -o $@ $<

# 1 implicit rules, 0 (0.0%) terminal.
# Files

.PRECIOUS: %.o
#  Implicit rule search has not been done.
#  Modification time never checked.
#  File has not been updated.

# Not a target:
Makefile:
#  Implicit rule search has not been done.
#  Modification time never checked.
#  File has not been updated.

# Not a target:
.DEFAULT:
#  Implicit rule search has not been done.
#  Modification time never checked.
#  File has not been updated.

# Not a target:
all:
#  Command line target.
#  Implicit rule search has not been done.
#  Modification time never checked.
#  File has not been updated.

# Not a target:
%.o:
#  Implicit rule search has not been done.
#  Modification time never checked.
#  File has not been updated.

# files hash-table stats:
# Load=6/1024=1%, Rehash=0, Collisions=0/8=0%
# VPATH Search Paths

# No 'vpath' search paths.

# No general ('VPATH' variable) search path.

# strcache buffers: 1 (0) / strings = 21 / storage = 218 B / avg = 10 B
# current buf: size = 8162 B / used = 218 B / count = 21 / avg = 10 B

# strcache performance: lookups = 27 / hit rate = 22%
# hash-table stats:
# Load=21/8192=0%, Rehash=0, Collisions=0/27=0%
# Finished Make data base on Fri Jul 22 19:02:46 2022

 
